<?xml version="1.0" encoding="UTF-8" ?>
<testsuite tests="0" failures="0" name="TestSuite" time="0.269" errors="0" skipped="0">
  <properties>
    <property name="java.runtime.name" value="Java(TM) SE Runtime Environment"/>
    <property name="sun.boot.library.path" value="/usr/share/jdk1.8.0_144/jre/lib/amd64"/>
    <property name="java.vm.version" value="25.144-b01"/>
    <property name="java.vm.vendor" value="Oracle Corporation"/>
    <property name="java.vendor.url" value="http://java.oracle.com/"/>
    <property name="path.separator" value=":"/>
    <property name="java.vm.name" value="Java HotSpot(TM) 64-Bit Server VM"/>
    <property name="file.encoding.pkg" value="sun.io"/>
    <property name="user.country" value="CN"/>
    <property name="sun.java.launcher" value="SUN_STANDARD"/>
    <property name="sun.os.patch.level" value="unknown"/>
    <property name="java.vm.specification.name" value="Java Virtual Machine Specification"/>
    <property name="user.dir" value="/home/laimaosheng/StudyInAction/Maven3InAction/chapter12/account-parent/account-captcha"/>
    <property name="java.runtime.version" value="1.8.0_144-b01"/>
    <property name="java.awt.graphicsenv" value="sun.awt.X11GraphicsEnvironment"/>
    <property name="basedir" value="/home/laimaosheng/StudyInAction/Maven3InAction/chapter12/account-parent/account-captcha"/>
    <property name="java.endorsed.dirs" value="/usr/share/jdk1.8.0_144/jre/lib/endorsed"/>
    <property name="os.arch" value="amd64"/>
    <property name="surefire.real.class.path" value="/tmp/surefirebooter2136214362964697536.jar"/>
    <property name="java.io.tmpdir" value="/tmp"/>
    <property name="line.separator" value="
"/>
    <property name="java.vm.specification.vendor" value="Oracle Corporation"/>
    <property name="os.name" value="Linux"/>
    <property name="sun.jnu.encoding" value="UTF-8"/>
    <property name="java.library.path" value="/usr/share/idea-IU-172.3968.16/bin::/usr/java/packages/lib/amd64:/usr/lib64:/lib64:/lib:/usr/lib"/>
    <property name="surefire.test.class.path" value="/home/laimaosheng/StudyInAction/Maven3InAction/chapter12/account-parent/account-captcha/target/test-classes:/home/laimaosheng/StudyInAction/Maven3InAction/chapter12/account-parent/account-captcha/target/classes:/home/laimaosheng/apache-maven-3.5.2/repo/com/google/code/kaptcha/kaptcha/2.3/kaptcha-2.3-jdk15.jar:/home/laimaosheng/apache-maven-3.5.2/repo/org/springframework/spring-core/2.5.6/spring-core-2.5.6.jar:/home/laimaosheng/apache-maven-3.5.2/repo/commons-logging/commons-logging/1.1.1/commons-logging-1.1.1.jar:/home/laimaosheng/apache-maven-3.5.2/repo/org/springframework/spring-context/2.5.6/spring-context-2.5.6.jar:/home/laimaosheng/apache-maven-3.5.2/repo/aopalliance/aopalliance/1.0/aopalliance-1.0.jar:/home/laimaosheng/apache-maven-3.5.2/repo/org/springframework/spring-beans/2.5.6/spring-beans-2.5.6.jar:/home/laimaosheng/apache-maven-3.5.2/repo/junit/junit/4.7/junit-4.7.jar:/home/laimaosheng/apache-maven-3.5.2/repo/org/testng/testng/5.9/testng-5.9-jdk15.jar:"/>
    <property name="java.specification.name" value="Java Platform API Specification"/>
    <property name="java.class.version" value="52.0"/>
    <property name="sun.management.compiler" value="HotSpot 64-Bit Tiered Compilers"/>
    <property name="os.version" value="4.13.5-1.el7.elrepo.x86_64"/>
    <property name="user.home" value="/home/laimaosheng"/>
    <property name="user.timezone" value="Asia/Shanghai"/>
    <property name="java.awt.printerjob" value="sun.print.PSPrinterJob"/>
    <property name="file.encoding" value="UTF-8"/>
    <property name="java.specification.version" value="1.8"/>
    <property name="user.name" value="laimaosheng"/>
    <property name="java.class.path" value="/home/laimaosheng/StudyInAction/Maven3InAction/chapter12/account-parent/account-captcha/target/test-classes:/home/laimaosheng/StudyInAction/Maven3InAction/chapter12/account-parent/account-captcha/target/classes:/home/laimaosheng/apache-maven-3.5.2/repo/com/google/code/kaptcha/kaptcha/2.3/kaptcha-2.3-jdk15.jar:/home/laimaosheng/apache-maven-3.5.2/repo/org/springframework/spring-core/2.5.6/spring-core-2.5.6.jar:/home/laimaosheng/apache-maven-3.5.2/repo/commons-logging/commons-logging/1.1.1/commons-logging-1.1.1.jar:/home/laimaosheng/apache-maven-3.5.2/repo/org/springframework/spring-context/2.5.6/spring-context-2.5.6.jar:/home/laimaosheng/apache-maven-3.5.2/repo/aopalliance/aopalliance/1.0/aopalliance-1.0.jar:/home/laimaosheng/apache-maven-3.5.2/repo/org/springframework/spring-beans/2.5.6/spring-beans-2.5.6.jar:/home/laimaosheng/apache-maven-3.5.2/repo/junit/junit/4.7/junit-4.7.jar:/home/laimaosheng/apache-maven-3.5.2/repo/org/testng/testng/5.9/testng-5.9-jdk15.jar:"/>
    <property name="java.vm.specification.version" value="1.8"/>
    <property name="sun.arch.data.model" value="64"/>
    <property name="java.home" value="/usr/share/jdk1.8.0_144/jre"/>
    <property name="sun.java.command" value="/tmp/surefirebooter2136214362964697536.jar /tmp/surefire2897080545124645459tmp /tmp/surefire6795297307040681711tmp"/>
    <property name="java.specification.vendor" value="Oracle Corporation"/>
    <property name="user.language" value="zh"/>
    <property name="awt.toolkit" value="sun.awt.X11.XToolkit"/>
    <property name="java.vm.info" value="mixed mode"/>
    <property name="java.version" value="1.8.0_144"/>
    <property name="java.ext.dirs" value="/usr/share/jdk1.8.0_144/jre/lib/ext:/usr/java/packages/lib/ext"/>
    <property name="sun.boot.class.path" value="/usr/share/jdk1.8.0_144/jre/lib/resources.jar:/usr/share/jdk1.8.0_144/jre/lib/rt.jar:/usr/share/jdk1.8.0_144/jre/lib/sunrsasign.jar:/usr/share/jdk1.8.0_144/jre/lib/jsse.jar:/usr/share/jdk1.8.0_144/jre/lib/jce.jar:/usr/share/jdk1.8.0_144/jre/lib/charsets.jar:/usr/share/jdk1.8.0_144/jre/lib/jfr.jar:/usr/share/jdk1.8.0_144/jre/classes"/>
    <property name="java.vendor" value="Oracle Corporation"/>
    <property name="localRepository" value="/home/laimaosheng/apache-maven-3.5.2/repo"/>
    <property name="file.separator" value="/"/>
    <property name="java.vendor.url.bug" value="http://bugreport.sun.com/bugreport/"/>
    <property name="sun.cpu.endian" value="little"/>
    <property name="sun.io.unicode.encoding" value="UnicodeLittle"/>
    <property name="sun.desktop" value="gnome"/>
    <property name="sun.cpu.isalist" value=""/>
  </properties>
</testsuite>